         w __cxa_pure_virtual
         w __deregister_frame_info
         w __gnu_Unwind_Find_exidx
         w __register_frame_info
         w pthread_cancel
         w pthread_cond_broadcast
         w pthread_cond_wait
         w pthread_getspecific
         w pthread_key_create
         w pthread_key_delete
         w pthread_mutex_lock
         w pthread_mutex_unlock
         w pthread_once
         w pthread_setspecific
         w userAppExit
         w userAppInit
00000000 b _TLS_MODULE_BASE_
00000000 00000802 B __ctru_dev_utf16_buf
00000000 a shift
00000000 a shift
00000804 00000401 B __ctru_dev_path_buf
00100000 A __start__
00100000 T _start
00100008 T __service_ptr
0010000c T __apt_appid
00100010 T __heap_size
00100014 T __linear_heap_size
00100018 T __system_arglist
0010001c T __system_runflags
00100020 t startup
00100058 t ClearMem
0010006c t ClrLoop
00100094 T _init
001000ac t .udivsi3_skip_div0_test
001000ac T __aeabi_uidiv
001000ac 000001ec T __udivsi3
00100298 00000020 T __aeabi_uidivmod
001002b8 T __aeabi_idiv
001002b8 00000220 T __divsi3
001002c0 t .divsi3_skip_div0_test
001004d8 00000020 T __aeabi_idivmod
001004f8 00000004 W __aeabi_idiv0
001004f8 00000004 W __aeabi_ldiv0
001004fc T __aeabi_drsub
00100504 000002b0 T __aeabi_dsub
00100504 000002b0 T __subdf3
00100508 000002ac T __adddf3
00100508 000002ac T __aeabi_dadd
001007b4 00000024 T __aeabi_ui2d
001007b4 00000024 T __floatunsidf
001007d8 00000028 T __aeabi_i2d
001007d8 00000028 T __floatsidf
00100800 00000048 T __aeabi_f2d
00100800 00000048 T __extendsfdf2
00100848 00000074 T __aeabi_ul2d
00100848 00000074 T __floatundidf
0010085c 00000060 T __aeabi_l2d
0010085c 00000060 T __floatdidf
001008bc T __aeabi_ldivmod
00100990 T __aeabi_uldivmod
001009cc 00000014 T __restore_core_regs
001009cc 00000014 T restore_core_regs
001009e0 T __gnu_Unwind_Restore_VFP
001009e8 T __gnu_Unwind_Save_VFP
001009f0 T __gnu_Unwind_Restore_VFP_D
001009f8 T __gnu_Unwind_Save_VFP_D
00100a00 T __gnu_Unwind_Restore_VFP_D_16_to_31
00100a08 T __gnu_Unwind_Save_VFP_D_16_to_31
00100a10 T __gnu_Unwind_Restore_WMMXD
00100a54 T __gnu_Unwind_Save_WMMXD
00100a98 T __gnu_Unwind_Restore_WMMXC
00100aac T __gnu_Unwind_Save_WMMXC
00100ac0 00000024 T _Unwind_RaiseException
00100ac0 00000024 T ___Unwind_RaiseException
00100ae4 00000024 T _Unwind_Resume
00100ae4 00000024 T ___Unwind_Resume
00100b08 00000024 T _Unwind_Resume_or_Rethrow
00100b08 00000024 T ___Unwind_Resume_or_Rethrow
00100b2c 00000024 T _Unwind_ForcedUnwind
00100b2c 00000024 T ___Unwind_ForcedUnwind
00100b50 00000024 T _Unwind_Backtrace
00100b50 00000024 T ___Unwind_Backtrace
00100b88 00000390 T strcmp
00100f10 t __do_global_dtors_aux
00100f50 t frame_dummy
00100f7c 0000008c t std::__cxx11::basic_string<char, std::char_traits<char>, std::allocator<char> >::basic_string<std::allocator<char> >(char const*, std::allocator<char> const&) [clone .isra.0]
00101008 000006f0 t __static_initialization_and_destruction_0()
001016f8 000000b8 T controls::update()
001017b0 00000164 T controls::getDown(std::__cxx11::basic_string<char, std::char_traits<char>, std::allocator<char> >)
00101914 00000164 T controls::getHeld(std::__cxx11::basic_string<char, std::char_traits<char>, std::allocator<char> >)
00101a78 00000030 T controls::gyroPos()
00101aa8 00000030 T controls::resetGyro(C3D_FVec)
00101ad8 00000018 T controls::circlePos()
00101af0 00000004 t _GLOBAL__sub_I__ZN8controls6updateEv
00101af4 00000090 t _GLOBAL__sub_D__ZN8controls6updateEv
00101b84 000000c4 W std::_Sp_counted_base<(__gnu_cxx::_Lock_policy)2>::_M_release()
00101c48 00000040 T sceneExit()
00101c88 00000060 W void SceneManager::load<Scene1>()
00101ce8 00000214 T main
00101efc 00000078 t _GLOBAL__sub_D__Z9sceneExitv
00101f74 0000003c t _GLOBAL__sub_D_scenemanager.cpp
00101fb0 00000004 W Scene::fixedUpdate()
00101fb4 00000004 T Scene1::drawBottom()
00101fb8 00000004 W entt::basic_sparse_set<entt::entity, std::allocator<entt::entity> >::bind(entt::basic_any<16u, 8u>)
00101fbc 00000004 W std::_Sp_counted_ptr_inplace<entt::sigh_mixin<entt::basic_storage<transform, entt::entity, std::allocator<transform>, void> >, std::allocator<entt::entity>, (__gnu_cxx::_Lock_policy)2>::~_Sp_counted_ptr_inplace()
00101fbc 00000004 W std::_Sp_counted_ptr_inplace<entt::sigh_mixin<entt::basic_storage<transform, entt::entity, std::allocator<transform>, void> >, std::allocator<entt::entity>, (__gnu_cxx::_Lock_policy)2>::~_Sp_counted_ptr_inplace()
00101fc0 00000004 W std::_Sp_counted_ptr_inplace<entt::sigh_mixin<entt::basic_storage<material, entt::entity, std::allocator<material>, void> >, std::allocator<entt::entity>, (__gnu_cxx::_Lock_policy)2>::~_Sp_counted_ptr_inplace()
00101fc0 00000004 W std::_Sp_counted_ptr_inplace<entt::sigh_mixin<entt::basic_storage<material, entt::entity, std::allocator<material>, void> >, std::allocator<entt::entity>, (__gnu_cxx::_Lock_policy)2>::~_Sp_counted_ptr_inplace()
00101fc4 00000004 W std::_Sp_counted_ptr_inplace<entt::sigh_mixin<entt::basic_storage<Mesh, entt::entity, std::allocator<Mesh>, void> >, std::allocator<entt::entity>, (__gnu_cxx::_Lock_policy)2>::~_Sp_counted_ptr_inplace()
00101fc4 00000004 W std::_Sp_counted_ptr_inplace<entt::sigh_mixin<entt::basic_storage<Mesh, entt::entity, std::allocator<Mesh>, void> >, std::allocator<entt::entity>, (__gnu_cxx::_Lock_policy)2>::~_Sp_counted_ptr_inplace()
00101fc8 0000001c W entt::basic_storage<transform, entt::entity, std::allocator<transform>, void>::get_at(unsigned int) const
00101fe4 00000014 W entt::basic_storage<transform, entt::entity, std::allocator<transform>, void>::capacity() const
00101ff8 00000024 W entt::basic_storage<material, entt::entity, std::allocator<material>, void>::get_at(unsigned int) const
0010201c 00000014 W entt::basic_storage<material, entt::entity, std::allocator<material>, void>::capacity() const
00102030 00000020 W entt::basic_storage<Mesh, entt::entity, std::allocator<Mesh>, void>::get_at(unsigned int) const
00102050 00000014 W entt::basic_storage<Mesh, entt::entity, std::allocator<Mesh>, void>::capacity() const
00102064 00000008 W entt::basic_sparse_set<entt::entity, std::allocator<entt::entity> >::get_at(unsigned int) const
0010206c 00000014 W entt::basic_sparse_set<entt::entity, std::allocator<entt::entity> >::capacity() const
00102080 00000004 W entt::basic_sparse_set<entt::entity, std::allocator<entt::entity> >::shrink_to_fit()
00102084 00000004 W entt::basic_sparse_set<entt::entity, std::allocator<entt::entity> >::swap_or_move(unsigned int, unsigned int)
00102088 00000018 W std::_Sp_counted_ptr_inplace<entt::sigh_mixin<entt::basic_storage<Mesh, entt::entity, std::allocator<Mesh>, void> >, std::allocator<entt::entity>, (__gnu_cxx::_Lock_policy)2>::~_Sp_counted_ptr_inplace()
001020a0 00000018 W std::_Sp_counted_ptr_inplace<entt::sigh_mixin<entt::basic_storage<material, entt::entity, std::allocator<material>, void> >, std::allocator<entt::entity>, (__gnu_cxx::_Lock_policy)2>::~_Sp_counted_ptr_inplace()
001020b8 00000018 W std::_Sp_counted_ptr_inplace<entt::sigh_mixin<entt::basic_storage<transform, entt::entity, std::allocator<transform>, void> >, std::allocator<entt::entity>, (__gnu_cxx::_Lock_policy)2>::~_Sp_counted_ptr_inplace()
001020d0 00000030 W std::_Sp_counted_ptr_inplace<entt::sigh_mixin<entt::basic_storage<Mesh, entt::entity, std::allocator<Mesh>, void> >, std::allocator<entt::entity>, (__gnu_cxx::_Lock_policy)2>::_M_get_deleter(std::type_info const&)
00102100 00000030 W std::_Sp_counted_ptr_inplace<entt::sigh_mixin<entt::basic_storage<material, entt::entity, std::allocator<material>, void> >, std::allocator<entt::entity>, (__gnu_cxx::_Lock_policy)2>::_M_get_deleter(std::type_info const&)
00102130 00000030 W std::_Sp_counted_ptr_inplace<entt::sigh_mixin<entt::basic_storage<transform, entt::entity, std::allocator<transform>, void> >, std::allocator<entt::entity>, (__gnu_cxx::_Lock_policy)2>::_M_get_deleter(std::type_info const&)
00102160 00000048 W entt::basic_storage<entt::entity, entt::entity, std::allocator<entt::entity>, void>::swap_or_move(unsigned int, unsigned int)
001021a8 00000024 t entt::next_power_of_two(unsigned int) [clone .part.0]
001021cc 00000074 t printmesh(Mesh const*) [clone .part.0]
00102240 00000024 t entt::sigh_mixin<entt::basic_storage<Mesh, entt::entity, std::allocator<Mesh>, void> >::owner_or_assert() const [clone .part.0]
00102264 00000024 t entt::sigh_mixin<entt::basic_storage<material, entt::entity, std::allocator<material>, void> >::owner_or_assert() const [clone .part.0]
00102288 00000024 t entt::sigh_mixin<entt::basic_storage<transform, entt::entity, std::allocator<transform>, void> >::owner_or_assert() const [clone .part.0]
001022ac 00000024 t entt::sigh_mixin<entt::basic_storage<entt::entity, entt::entity, std::allocator<entt::entity>, void> >::owner_or_assert() const [clone .part.0]
001022d0 00000024 t entt::basic_sparse_set<entt::entity, std::allocator<entt::entity> >::sparse_ref(entt::entity) const [clone .part.0]
001022f4 00000028 t entt::basic_sparse_set<entt::entity, std::allocator<entt::entity> >::index(entt::entity) const [clone .part.0]
0010231c 00000024 t entt::basic_storage<entt::entity, entt::entity, std::allocator<entt::entity>, void>::entity_at(unsigned int) const [clone .part.0]
00102340 000000a4 W entt::basic_storage<transform, entt::entity, std::allocator<transform>, void>::swap_or_move(unsigned int, unsigned int)
001023e4 000000b4 W entt::basic_storage<Mesh, entt::entity, std::allocator<Mesh>, void>::swap_or_move(unsigned int, unsigned int)
00102498 00000008 W std::_Sp_counted_ptr_inplace<entt::sigh_mixin<entt::basic_storage<transform, entt::entity, std::allocator<transform>, void> >, std::allocator<entt::entity>, (__gnu_cxx::_Lock_policy)2>::_M_destroy()
001024a0 00000008 W std::_Sp_counted_ptr_inplace<entt::sigh_mixin<entt::basic_storage<material, entt::entity, std::allocator<material>, void> >, std::allocator<entt::entity>, (__gnu_cxx::_Lock_policy)2>::_M_destroy()
001024a8 00000008 W std::_Sp_counted_ptr_inplace<entt::sigh_mixin<entt::basic_storage<Mesh, entt::entity, std::allocator<Mesh>, void> >, std::allocator<entt::entity>, (__gnu_cxx::_Lock_policy)2>::_M_destroy()
001024b0 0000007c W entt::basic_sparse_set<entt::entity, std::allocator<entt::entity> >::~basic_sparse_set()
001024b0 0000007c W entt::basic_sparse_set<entt::entity, std::allocator<entt::entity> >::~basic_sparse_set()
0010252c 00000088 W entt::basic_sparse_set<entt::entity, std::allocator<entt::entity> >::~basic_sparse_set()
001025b4 000000d0 W entt::sigh_mixin<entt::basic_storage<entt::entity, entt::entity, std::allocator<entt::entity>, void> >::~sigh_mixin()
001025b4 000000d0 W entt::sigh_mixin<entt::basic_storage<entt::entity, entt::entity, std::allocator<entt::entity>, void> >::~sigh_mixin()
00102684 000000dc W entt::sigh_mixin<entt::basic_storage<entt::entity, entt::entity, std::allocator<entt::entity>, void> >::~sigh_mixin()
00102760 00000104 W entt::basic_storage<transform, entt::entity, std::allocator<transform>, void>::pop_all()
00102864 00000108 W entt::basic_sparse_set<entt::entity, std::allocator<entt::entity> >::pop_all()
0010296c 000000f4 W entt::sigh_mixin<entt::basic_storage<entt::entity, entt::entity, std::allocator<entt::entity>, void> >::pop_all()
00102a60 0000013c W entt::basic_storage<Mesh, entt::entity, std::allocator<Mesh>, void>::pop_all()
00102b9c 00000154 W entt::basic_storage<material, entt::entity, std::allocator<material>, void>::pop_all()
00102cf0 000000a4 W entt::basic_sparse_set<entt::entity, std::allocator<entt::entity> >::reserve(unsigned int)
00102d94 00000230 W entt::basic_storage<entt::entity, entt::entity, std::allocator<entt::entity>, void>::pop(entt::internal::sparse_set_iterator<std::vector<entt::entity, std::allocator<entt::entity> > >, entt::internal::sparse_set_iterator<std::vector<entt::entity, std::allocator<entt::entity> > >)
00102fc4 0000018c W entt::sigh_mixin<entt::basic_storage<entt::entity, entt::entity, std::allocator<entt::entity>, void> >::pop(entt::internal::sparse_set_iterator<std::vector<entt::entity, std::allocator<entt::entity> > >, entt::internal::sparse_set_iterator<std::vector<entt::entity, std::allocator<entt::entity> > >)
00103150 00000234 W material::setMaterial(C3D_Mtx*)
00103384 00000374 W entt::basic_registry<entt::entity, std::allocator<entt::entity> >::~basic_registry()
00103384 00000374 W entt::basic_registry<entt::entity, std::allocator<entt::entity> >::~basic_registry()
001036f8 00000088 T Scene1::~Scene1()
001036f8 00000088 T Scene1::~Scene1()
00103780 00000024 T Scene1::~Scene1()
001037a4 000000d0 W entt::type_info const& entt::type_id<Mesh>()
00103874 000000d0 W entt::type_info const& entt::type_id<material>()
00103944 000000d0 W entt::type_info const& entt::type_id<transform>()
00103a14 00000064 W entt::basic_sparse_set<entt::entity, std::allocator<entt::entity> >::index(entt::entity) const
00103a78 00000260 W std::vector<Mesh*, std::allocator<Mesh*> >::_M_fill_insert(__gnu_cxx::__normal_iterator<Mesh**, std::vector<Mesh*, std::allocator<Mesh*> > >, unsigned int, Mesh* const&)
00103cd8 00000158 W std::vector<Mesh*, std::allocator<Mesh*> >::_M_default_append(unsigned int)
00103e30 00000190 W entt::sigh_mixin<entt::basic_storage<Mesh, entt::entity, std::allocator<Mesh>, void> >::~sigh_mixin()
00103fc0 00000130 W entt::basic_storage<Mesh, entt::entity, std::allocator<Mesh>, void>::~basic_storage()
00103fc0 00000130 W entt::basic_storage<Mesh, entt::entity, std::allocator<Mesh>, void>::~basic_storage()
001040f0 000000a0 W entt::basic_storage<Mesh, entt::entity, std::allocator<Mesh>, void>::shrink_to_fit()
00104190 0000013c W entt::basic_storage<Mesh, entt::entity, std::allocator<Mesh>, void>::~basic_storage()
001042cc 00000184 W std::_Sp_counted_ptr_inplace<entt::sigh_mixin<entt::basic_storage<Mesh, entt::entity, std::allocator<Mesh>, void> >, std::allocator<entt::entity>, (__gnu_cxx::_Lock_policy)2>::_M_dispose()
00104450 00000184 W entt::sigh_mixin<entt::basic_storage<Mesh, entt::entity, std::allocator<Mesh>, void> >::~sigh_mixin()
00104450 00000184 W entt::sigh_mixin<entt::basic_storage<Mesh, entt::entity, std::allocator<Mesh>, void> >::~sigh_mixin()
001045d4 000000f0 W entt::basic_sparse_set<entt::entity, std::allocator<entt::entity> >::swap_and_pop(entt::internal::sparse_set_iterator<std::vector<entt::entity, std::allocator<entt::entity> > >)
001046c4 0000013c W entt::basic_sparse_set<entt::entity, std::allocator<entt::entity> >::pop(entt::internal::sparse_set_iterator<std::vector<entt::entity, std::allocator<entt::entity> > >, entt::internal::sparse_set_iterator<std::vector<entt::entity, std::allocator<entt::entity> > >)
00104800 00000134 W entt::basic_storage<transform, entt::entity, std::allocator<transform>, void>::pop(entt::internal::sparse_set_iterator<std::vector<entt::entity, std::allocator<entt::entity> > >, entt::internal::sparse_set_iterator<std::vector<entt::entity, std::allocator<entt::entity> > >)
00104934 0000018c W entt::sigh_mixin<entt::basic_storage<transform, entt::entity, std::allocator<transform>, void> >::pop(entt::internal::sparse_set_iterator<std::vector<entt::entity, std::allocator<entt::entity> > >, entt::internal::sparse_set_iterator<std::vector<entt::entity, std::allocator<entt::entity> > >)
00104ac0 0000018c W entt::basic_storage<material, entt::entity, std::allocator<material>, void>::pop(entt::internal::sparse_set_iterator<std::vector<entt::entity, std::allocator<entt::entity> > >, entt::internal::sparse_set_iterator<std::vector<entt::entity, std::allocator<entt::entity> > >)
00104c4c 0000018c W entt::sigh_mixin<entt::basic_storage<material, entt::entity, std::allocator<material>, void> >::pop(entt::internal::sparse_set_iterator<std::vector<entt::entity, std::allocator<entt::entity> > >, entt::internal::sparse_set_iterator<std::vector<entt::entity, std::allocator<entt::entity> > >)
00104dd8 0000014c W entt::basic_storage<Mesh, entt::entity, std::allocator<Mesh>, void>::pop(entt::internal::sparse_set_iterator<std::vector<entt::entity, std::allocator<entt::entity> > >, entt::internal::sparse_set_iterator<std::vector<entt::entity, std::allocator<entt::entity> > >)
00104f24 0000018c W entt::sigh_mixin<entt::basic_storage<Mesh, entt::entity, std::allocator<Mesh>, void> >::pop(entt::internal::sparse_set_iterator<std::vector<entt::entity, std::allocator<entt::entity> > >, entt::internal::sparse_set_iterator<std::vector<entt::entity, std::allocator<entt::entity> > >)
001050b0 00000134 W entt::sigh_mixin<entt::basic_storage<transform, entt::entity, std::allocator<transform>, void> >::pop_all()
001051e4 00000160 W entt::sigh_mixin<entt::basic_storage<Mesh, entt::entity, std::allocator<Mesh>, void> >::pop_all()
00105344 0000017c W entt::sigh_mixin<entt::basic_storage<material, entt::entity, std::allocator<material>, void> >::pop_all()
001054c0 00000260 W std::vector<material*, std::allocator<material*> >::_M_fill_insert(__gnu_cxx::__normal_iterator<material**, std::vector<material*, std::allocator<material*> > >, unsigned int, material* const&)
00105720 00000158 W std::vector<material*, std::allocator<material*> >::_M_default_append(unsigned int)
00105878 000001ac W entt::sigh_mixin<entt::basic_storage<material, entt::entity, std::allocator<material>, void> >::~sigh_mixin()
00105a24 0000014c W entt::basic_storage<material, entt::entity, std::allocator<material>, void>::~basic_storage()
00105a24 0000014c W entt::basic_storage<material, entt::entity, std::allocator<material>, void>::~basic_storage()
00105b70 000000a0 W entt::basic_storage<material, entt::entity, std::allocator<material>, void>::shrink_to_fit()
00105c10 00000158 W entt::basic_storage<material, entt::entity, std::allocator<material>, void>::~basic_storage()
00105d68 0000019c W std::_Sp_counted_ptr_inplace<entt::sigh_mixin<entt::basic_storage<material, entt::entity, std::allocator<material>, void> >, std::allocator<entt::entity>, (__gnu_cxx::_Lock_policy)2>::_M_dispose()
00105f04 000001a0 W entt::sigh_mixin<entt::basic_storage<material, entt::entity, std::allocator<material>, void> >::~sigh_mixin()
00105f04 000001a0 W entt::sigh_mixin<entt::basic_storage<material, entt::entity, std::allocator<material>, void> >::~sigh_mixin()
001060a4 00000260 W std::vector<transform*, std::allocator<transform*> >::_M_fill_insert(__gnu_cxx::__normal_iterator<transform**, std::vector<transform*, std::allocator<transform*> > >, unsigned int, transform* const&)
00106304 0000012c W entt::basic_storage<transform, entt::entity, std::allocator<transform>, void>::reserve(unsigned int)
00106430 00000158 W std::vector<transform*, std::allocator<transform*> >::_M_default_append(unsigned int)
00106588 00000140 W entt::sigh_mixin<entt::basic_storage<transform, entt::entity, std::allocator<transform>, void> >::~sigh_mixin()
001066c8 000000e0 W entt::basic_storage<transform, entt::entity, std::allocator<transform>, void>::~basic_storage()
001066c8 000000e0 W entt::basic_storage<transform, entt::entity, std::allocator<transform>, void>::~basic_storage()
001067a8 000000a0 W entt::basic_storage<transform, entt::entity, std::allocator<transform>, void>::shrink_to_fit()
00106848 000000ec W entt::basic_storage<transform, entt::entity, std::allocator<transform>, void>::~basic_storage()
00106934 00000134 W std::_Sp_counted_ptr_inplace<entt::sigh_mixin<entt::basic_storage<transform, entt::entity, std::allocator<transform>, void> >, std::allocator<entt::entity>, (__gnu_cxx::_Lock_policy)2>::_M_dispose()
00106a68 00000134 W entt::sigh_mixin<entt::basic_storage<transform, entt::entity, std::allocator<transform>, void> >::~sigh_mixin()
00106a68 00000134 W entt::sigh_mixin<entt::basic_storage<transform, entt::entity, std::allocator<transform>, void> >::~sigh_mixin()
00106b9c 00000158 W std::vector<unsigned int, std::allocator<unsigned int> >::_M_default_append(unsigned int)
00106cf4 0000016c W entt::dense_map<unsigned long, std::shared_ptr<entt::basic_sparse_set<entt::entity, std::allocator<entt::entity> > >, entt::identity, std::equal_to<unsigned long>, std::allocator<std::pair<unsigned long const, std::shared_ptr<entt::basic_sparse_set<entt::entity, std::allocator<entt::entity> > > > > >::rehash(unsigned int)
00106e60 00000298 W auto entt::dense_map<unsigned long, std::shared_ptr<entt::basic_sparse_set<entt::entity, std::allocator<entt::entity> > >, entt::identity, std::equal_to<unsigned long>, std::allocator<std::pair<unsigned long const, std::shared_ptr<entt::basic_sparse_set<entt::entity, std::allocator<entt::entity> > > > > >::insert_or_do_nothing<unsigned long const&>(unsigned long const&)
001070f8 000000d0 W entt::type_info const& entt::type_id<entt::basic_registry<entt::entity, std::allocator<entt::entity> > >()
001071c8 000001a4 W auto& entt::basic_registry<entt::entity, std::allocator<entt::entity> >::assure<Mesh>(unsigned long)
0010736c 000001a4 W auto& entt::basic_registry<entt::entity, std::allocator<entt::entity> >::assure<material>(unsigned long)
00107510 000001a4 W auto& entt::basic_registry<entt::entity, std::allocator<entt::entity> >::assure<transform>(unsigned long)
001076b8 00000428 T Scene1::update()
00107ae0 000005b0 T Scene1::drawTop(float)
00108090 00000260 W std::vector<entt::entity*, std::allocator<entt::entity*> >::_M_fill_insert(__gnu_cxx::__normal_iterator<entt::entity**, std::vector<entt::entity*, std::allocator<entt::entity*> > >, unsigned int, entt::entity* const&)
001082f0 000002a4 W entt::basic_sparse_set<entt::entity, std::allocator<entt::entity> >::try_emplace(entt::entity, bool, void const*)
00108594 000000a0 W entt::basic_storage<entt::entity, entt::entity, std::allocator<entt::entity>, void>::emplace()
00108634 00000264 W entt::basic_storage<material, entt::entity, std::allocator<material>, void>::try_emplace(entt::entity, bool, void const*)
00108898 0000017c W entt::sigh_mixin<entt::basic_storage<Mesh, entt::entity, std::allocator<Mesh>, void> >::try_emplace(entt::entity, bool, void const*)
00108a14 000000dc W entt::basic_storage<Mesh, entt::entity, std::allocator<Mesh>, void>::try_emplace(entt::entity, bool, void const*)
00108af0 000002f8 W entt::sigh_mixin<entt::basic_storage<material, entt::entity, std::allocator<material>, void> >::try_emplace(entt::entity, bool, void const*)
00108de8 0000018c W entt::basic_storage<transform, entt::entity, std::allocator<transform>, void>::try_emplace(entt::entity, bool, void const*)
00108f74 0000021c W entt::sigh_mixin<entt::basic_storage<transform, entt::entity, std::allocator<transform>, void> >::try_emplace(entt::entity, bool, void const*)
00109190 00000414 W object3d::object3d(entt::basic_registry<entt::entity, std::allocator<entt::entity> >&, Mesh*, material*)
00109190 00000414 W object3d::object3d(entt::basic_registry<entt::entity, std::allocator<entt::entity> >&, Mesh*, material*)
001095a4 000003c8 W mdlLoader::load(char const*, entt::basic_registry<entt::entity, std::allocator<entt::entity> >&)
0010996c 00000054 W entt::basic_registry<entt::entity, std::allocator<entt::entity> >* entt::any_cast<entt::basic_registry<entt::entity, std::allocator<entt::entity> >, 16u, 8u>(entt::basic_any<16u, 8u>*)
001099c0 00000088 W entt::sigh_mixin<entt::basic_storage<entt::entity, entt::entity, std::allocator<entt::entity>, void> >::bind(entt::basic_any<16u, 8u>)
00109a48 00000088 W entt::sigh_mixin<entt::basic_storage<transform, entt::entity, std::allocator<transform>, void> >::bind(entt::basic_any<16u, 8u>)
00109ad0 00000088 W entt::sigh_mixin<entt::basic_storage<material, entt::entity, std::allocator<material>, void> >::bind(entt::basic_any<16u, 8u>)
00109b58 00000088 W entt::sigh_mixin<entt::basic_storage<Mesh, entt::entity, std::allocator<Mesh>, void> >::bind(entt::basic_any<16u, 8u>)
00109be0 00000174 W entt::basic_registry<entt::entity, std::allocator<entt::entity> >::rebind()
00109d54 0000055c W entt::basic_registry<entt::entity, std::allocator<entt::entity> >::basic_registry(unsigned int, std::allocator<entt::entity> const&)
00109d54 0000055c W entt::basic_registry<entt::entity, std::allocator<entt::entity> >::basic_registry(unsigned int, std::allocator<entt::entity> const&)
0010a2b0 00000be8 T Scene1::Scene1()
0010a2b0 00000be8 T Scene1::Scene1()
0010ae98 000005b0 W void const* entt::basic_any<16u, 8u>::basic_vtable<entt::basic_registry<entt::entity, std::allocator<entt::entity> > >(entt::internal::any_operation, entt::basic_any<16u, 8u> const&, void const*)
0010b448 00000068 W std::enable_if<std::__and_<std::__not_<std::__is_tuple_like<material> >, std::is_move_constructible<material>, std::is_move_assignable<material> >::value, void>::type std::swap<material>(material&, material&)
0010b4b0 00000070 W entt::basic_storage<material, entt::entity, std::allocator<material>, void>::swap_or_move(unsigned int, unsigned int)
0010b520 000000a4 W std::vector<entt::entity, std::allocator<entt::entity> >::reserve(unsigned int)
0010b5c4 00000098 W entt::basic_storage<material, entt::entity, std::allocator<material>, void>::reserve(unsigned int)
0010b65c 00000098 W entt::basic_storage<Mesh, entt::entity, std::allocator<Mesh>, void>::reserve(unsigned int)
0010b6f4 000000ac W entt::basic_sparse_set<entt::entity, std::allocator<entt::entity> >::swap_at(unsigned int, unsigned int)
0010b7a0 000002b8 W entt::basic_storage<entt::entity, entt::entity, std::allocator<entt::entity>, void>::emplace(entt::entity)
0010ba58 00000124 W entt::sigh_mixin<entt::basic_storage<entt::entity, entt::entity, std::allocator<entt::entity>, void> >::try_emplace(entt::entity, bool, void const*)
0010bb7c 000000a4 t _GLOBAL__sub_D__ZN9mdlLoader8parseMatEP7__sFILE
0010bc20 000000bc t mtl_default
0010bcdc 00000048 t file_size
0010bd24 00000010 t file_read
0010bd34 00000004 t file_close
0010bd38 0000000c t file_open
0010bd44 00000080 t string_concat
0010bdc4 00000060 t array_realloc.constprop.0
0010be24 000000bc t flush_output
0010bee0 000000ec t read_map
0010bfd0 00000204 t parse_float
0010c1d4 00001810 T fast_obj_read_with_callbacks
0010d9e4 00000048 T fast_obj_read
0010da2c 00000044 t C2Di_FrameEndHook
0010da70 0000036c T C2D_Init
0010dddc 000000b4 t C3Di_AptEventHook
0010de90 00000004 W C3Di_GasUpdate
0010de94 000001e0 T C3D_Init
0010e074 00000098 T C3D_SetViewport
0010e10c 000004e8 T C3Di_UpdateContext
0010e5f4 000000e0 T C3Di_SplitFrame
0010e6d4 00000044 T C3D_Fini
0010e718 00000114 T C3D_BindProgram
0010e82c 0000004c t onVBlank0
0010e878 0000004c t onVBlank1
0010e8c4 00000080 t C3Di_RenderTargetDestroy
0010e944 000000f4 t onQueueFinish
0010ea38 00000038 T C3Di_RenderQueueEnableVBlank
0010ea70 00000030 T C3Di_RenderQueueDisableVBlank
0010eaa0 00000060 T C3Di_RenderQueueInit
0010eb00 000000b0 T C3Di_RenderQueueExit
0010ebb0 00000034 T C3Di_RenderQueueWaitDone
0010ebe4 000000e4 T C3D_FrameBegin
0010ecc8 00000048 T C3D_FrameDrawOn
0010ed10 000001d8 T C3D_FrameEnd
0010eee8 0000001c T C3D_FrameEndHook
0010ef04 00000018 T C3D_GetProcessingTime
0010ef1c 00000184 T C3D_RenderTargetCreate
0010f0a0 000000a8 T C3D_RenderTargetSetOutput
0010f148 000000fc T C3D_SyncTextureCopy
0010f244 00000294 T C3D_TexInitWithParams
0010f4d8 000000c8 T C3D_TexLoadImage
0010f5a0 00000044 T C3D_TexBind
0010f5e4 00000074 T C3D_TexDelete
0010f658 0000016c T C3Di_SetTex
0010f7c4 000000dc T C3Di_LightMtlBlend
0010f8a0 00000090 T C3D_LightInit
0010f930 0000001c T C3D_LightDiffuse
0010f94c 0000001c T C3D_LightSpecular0
0010f968 0000001c T C3D_LightSpecular1
0010f984 0000005c T C3D_LightPosition
0010f9e0 000003f4 t Tex3DSi_ImportCommon
0010fdd4 00000034 T Tex3DS_TextureImport
0010fe08 00000004 T Tex3DS_TextureFree
0010fe0c 0000001c T C3D_CalcColorBufSize
0010fe28 0000001c T C3D_CalcDepthBufSize
0010fe44 00000044 T C3D_SetFrameBuf
0010fe88 0000016c T C3Di_FrameBufBind
0010fff4 000000c8 T C3D_FrameBufClear
001100bc 00000044 T C3D_FrameBufTransfer
00110100 00000034 T C3D_GetTexEnv
00110134 00000024 T C3Di_TexEnvBind
00110158 00000218 T C3D_DrawElements
00110370 00000070 T C3D_ProcTexInit
001103e0 000000a4 T ProcTexLut_FromArray
00110484 0000017c T C3Di_ProcTexUpdate
00110600 00000068 T C3Di_ProcTexDirty
00110668 00000024 T BufInfo_Init
0011068c 00000080 T BufInfo_Add
0011070c 00000020 T C3D_GetBufInfo
0011072c 00000040 T C3D_SetBufInfo
0011076c 00000048 T C3Di_BufInfoBind
001107b4 00000148 T C3D_DrawArrays
001108fc 00000040 T C3D_DepthMap
0011093c 0000001c T C3D_CullFace
00110958 00000040 T C3D_StencilTest
00110998 00000024 T C3D_StencilOp
001109bc 0000001c T C3D_BlendingColor
001109d8 00000024 T C3D_EarlyDepthTest
001109fc 0000002c T C3D_DepthTest
00110a28 0000002c T C3D_AlphaTest
00110a54 00000050 T C3D_AlphaBlend
00110aa4 00000030 T C3D_FragOpMode
00110ad4 00000044 T C3D_FragOpShadow
00110b18 000001ac T C3Di_EffectBind
00110cc4 00000028 T AttrInfo_Init
00110cec 00000094 T AttrInfo_AddLoader
00110d80 00000020 T C3D_GetAttrInfo
00110da0 00000054 T C3D_SetAttrInfo
00110df4 00000080 T C3Di_AttrInfoBind
00110e74 000003d8 T C3Di_LightEnvUpdate
0011124c 0000009c T C3Di_LightEnvDirty
001112e8 0000005c T C3D_LightEnvInit
00111344 0000002c T C3D_LightEnvBind
00111370 00000084 T C3D_LightEnvMaterial
001113f4 000000b8 T C3D_LightEnvLut
001114ac 000000a8 T C3D_ImmSendAttrib
00111554 000000a8 T LightLut_FromArray
001115fc 000000d8 T LightLut_FromFunc
001116d4 00000280 T C3D_UpdateUniforms
00111954 000000c0 T C3Di_DirtyUniforms
00111a14 000000d8 T C3Di_LoadShaderUniforms
00111aec 00000028 T C3Di_ClearShaderUniforms
00111b14 000000b8 T Mtx_Multiply
00111bcc 000000a4 T Mtx_RotateX
00111c70 000000b8 T Mtx_PerspStereoTilt
00111d28 000000cc T Mtx_OrthoTilt
00111df4 000000a0 T Mtx_Translate
00111e94 000000a0 T Mtx_RotateZ
00111f34 000000a0 T Mtx_RotateY
00111fd4 00000024 t addrMapNodeComparator(rbtree_node const*, rbtree_node const*)
00111ff8 00000004 t addrMapNodeDestructor(rbtree_node*)
00111ffc 0000024c T vramMemAlignAt
00112248 0000000c T vramAlloc
00112254 0000000c T vramAllocAt
00112260 00000090 T vramFree
001122f0 00000024 t addrMapNodeComparator(rbtree_node const*, rbtree_node const*)
00112314 00000004 t addrMapNodeDestructor(rbtree_node*)
00112318 00000120 T linearMemAlign
00112438 00000008 T linearAlloc
00112440 0000005c T linearFree
0011249c 00000080 T MemPool::CoalesceRight(MemBlock*)
0011251c 0000016c T MemPool::Allocate(MemChunk&, unsigned long, int)
00112688 000000fc T MemPool::Deallocate(MemChunk const&)
00112784 00000030 T MemPool::GetFreeSpace()
001127b4 00000008 t romfs_close
001127bc 000000c4 t romfs_seek
00112880 00000024 t romfs_dirreset
001128a4 000000c8 t fill_dir
0011296c 000002a8 t romfs_dirnext
00112c14 00000084 t romfs_free
00112c98 000000d4 t searchForFile.constprop.0
00112d6c 000000d8 t searchForDir.constprop.0
00112e44 000001c0 t navigateToDir.constprop.0
00113004 0000010c t romfs_open
00113110 0000004c t romfs_chdir
0011315c 00000070 t romfs_diropen
001131cc 00000174 t romfs_stat
00113340 00000008 t romfs_dirclose
00113348 00000084 t romfs_fstat
001133cc 000000d0 t romfs_read
0011349c 0000028c T romfsMountFromFile
00113728 00000098 T romfsMountFromCurrentProcess
001137c0 00000260 T romfsMountSelf
00113a20 000000a0 T romfsUnmount
00113ac0 00000074 T osConvertVirtToPhys
00113b34 00000054 T osGetTimeRef
00113b88 000000ec T osGetTime
00113c78 00000038 T osTickCounterRead
00113cb0 00000034 T __ctru_speedup_config
00113ce4 000001f4 t parseColor
00113ed8 000001ac T consoleDrawChar
00114084 00000124 T consolePrintChar
001141a8 00000be4 T con_write
00114d8c 000000fc t newRow
00114e88 00000168 T consoleInit
00114ff0 000000d0 t gfxPresentFramebuffer
001150c0 00000010 T gfxSet3D
001150d0 0000001c T gfxIsWide
001150ec 000000ec T gfxSetScreenFormat
001151d8 00000010 T gfxSetDoubleBuffering
001151e8 000000e0 T gfxInit
001152c8 00000010 T gfxInitDefault
001152d8 000000b4 T gfxExit
0011538c 000000a0 T gfxGetFramebuffer
0011542c 00000104 T gfxFlushBuffers
00115530 00000030 T gfxScreenSwapBuffers
00115560 00000050 T gfxSwapBuffersGpu
001155b0 000001d0 T shaderInstanceInit
00115780 00000018 T shaderInstanceGetUniformLocation
00115798 0000001c T shaderProgramInit
001157b4 00000064 T shaderProgramFree
00115818 00000080 T shaderProgramSetVsh
00115898 000008e0 T shaderProgramConfigure
00116178 000001cc t DVLE_GenerateOutmap.part.0
00116344 000001b4 T DVLB_ParseFile
001164f8 00000038 T DVLB_Free
00116530 00000074 T DVLE_GetUniformRegister
001165a4 00000010 T GX_BindQueue
001165b4 00000078 T GX_ProcessCommandList
0011662c 00000074 T GX_MemoryFill
001166a0 00000070 T GX_DisplayTransfer
00116710 00000074 T GX_TextureCopy
00116784 00000068 t gxCmdQueueDoCommands.part.0
001167ec 000000c8 T gxCmdQueueInterrupt
001168b4 0000004c T gxCmdQueueClear
00116900 000000f8 T gxCmdQueueAdd
001169f8 00000080 T gxCmdQueueRun
00116a78 00000060 T gxCmdQueueStop
00116ad8 0000008c T gxCmdQueueWait
00116b64 0000013c T GPUCMD_Add
00116ca0 000000b0 T GPUCMD_Split
00116d50 00000034 T f32tof16
00116d84 00000034 T f32tof24
00116db8 00000038 T f32tof31
00116df0 00000160 T irrstInit
00116f50 000000cc T irrstExit
0011701c 000000b4 T irrstScanInput
001170d0 00000024 T irrstKeysHeld
001170f4 00000018 T irrstCstickRead
0011710c 00000c64 t gspHardwareInit
00117d70 00000248 T gspInit
00117fb8 000000f0 T gspExit
001180a8 00000010 T gspHasGpuRight
001180b8 000000a0 T gspPresentBuffer
00118158 00000030 T gspSetEventCallback
00118188 00000044 T gspWaitForEvent
001181cc 0000004c T gspWaitForAnyEvent
00118218 00000158 t gspEventThreadMain
00118370 00000130 T gspSubmitGxCommand
001184a0 00000050 T GSPGPU_FlushDataCache
001184f0 00000034 T GSPGPU_SetLcdForceBlack
00118524 00000068 T GSPGPU_AcquireRight
0011858c 00000048 T GSPGPU_ReleaseRight
001185d4 0000007c T GSPGPU_ImportDisplayCaptureInfo
00118650 0000002c T GSPGPU_SaveVramSysArea
0011867c 0000002c T GSPGPU_RestoreVramSysArea
001186a8 00000024 W hidShouldUseIrrst
001186cc 0000018c T hidInit
00118858 000000e8 T hidExit
00118940 000002a4 T hidScanInput
00118be4 00000010 T hidKeysHeld
00118bf4 00000010 T hidKeysDown
00118c04 00000018 T hidKeysDownRepeat
00118c1c 00000010 T hidKeysUp
00118c2c 00000018 T hidCircleRead
00118c44 00000020 T hidGyroRead
00118c64 0000002c T HIDUSER_EnableGyroscope
00118c90 0000002c T HIDUSER_DisableGyroscope
00118cbc 000001ac t aptConvertScreenForCapture
00118e68 00000008 W aptDspSleep
00118e70 00000004 W aptDspWakeup
00118e74 00000004 W aptDspCancel
00118e78 00000158 T aptSendCommand
00118fd0 00000044 t aptExitProcess
00119014 0000038c T aptExit
001193a0 000000e0 T aptHandleSleep
00119480 00000030 T aptHook
001194b0 00000030 T aptUnhook
001194e0 00000084 T APT_SleepIfShellClosed
00119564 00000084 T aptSetSleepAllowed
001195e8 00000084 T APT_UnlockTransition
00119670 000004a4 t aptEventHandler
00119b14 000000b0 T APT_ReceiveParameter
00119bc4 000000ac t aptReceiveParameter.constprop.0
00119c70 000002ac t aptScreenTransfer
00119f1c 00000320 t aptWaitForWakeUp.isra.0
0011a23c 000000f8 T aptJumpToHomeMenu
0011a334 00000048 T aptMainLoop
0011a37c 0000022c T aptInit
0011a5a8 0000007c T APT_CheckNew3DS
0011a624 00000074 T ptmSysmInit
0011a698 0000003c T ptmSysmExit
0011a6d4 00000034 T PTMSYSM_ConfigureNew3DSCPU
0011a708 000000cc T fsInit
0011a7d4 0000003c T fsExit
0011a810 00000060 T fsExemptFromSession
0011a870 00000050 T fsUnexemptFromSession
0011a8c0 000000cc T FSUSER_OpenFile
0011a98c 000000d4 T FSUSER_OpenFileDirectly
0011aa60 000000bc T FSUSER_DeleteFile
0011ab1c 000000f8 T FSUSER_RenameFile
0011ac14 000000bc T FSUSER_DeleteDirectory
0011acd0 000000d4 T FSUSER_CreateFile
0011ada4 000000c4 T FSUSER_CreateDirectory
0011ae68 000000f8 T FSUSER_RenameDirectory
0011af60 000000b4 T FSUSER_OpenDirectory
0011b014 00000094 T FSUSER_OpenArchive
0011b0a8 0000008c T FSUSER_CloseArchive
0011b134 00000074 T FSUSER_GetSdmcArchiveResource
0011b1a8 00000064 T FSUSER_IsSdmcWritable
0011b20c 00000058 T FSFILE_Read
0011b264 00000060 T FSFILE_Write
0011b2c4 00000038 T FSFILE_GetSize
0011b2fc 00000028 T FSFILE_SetSize
0011b324 0000003c T FSFILE_Close
0011b360 00000024 T FSFILE_Flush
0011b384 00000050 T FSDIR_Read
0011b3d4 0000003c T FSDIR_Close
0011b410 000000c4 t buffer_read
0011b4d4 000000cc t iov_read
0011b5a0 00000148 t iov_memmove
0011b6e8 000001dc t decompress_rle
0011b8c4 00000244 t decompress_lzss
0011bb08 00000428 t decompress_lz11
0011bf30 000002d4 t decompress_huff
0011c204 000000dc T decompressHeader
0011c2e0 00000240 T decompressV
0011c520 00000010 T rbtree_init
0011c530 000001b0 t do_insert
0011c6e0 00000008 T rbtree_insert
0011c6e8 00000090 T rbtree_rotate
0011c778 00000318 T rbtree_remove
0011ca90 00000074 T rbtree_find
0011cb04 000000c0 T utf8_to_utf16
0011cbc4 0000013c T decode_utf8
0011cd00 000000e8 T utf16_to_utf8
0011cde8 000001e0 W __system_allocateHeaps
0011cfc8 00000038 W __libctru_init
0011d000 00000170 W __system_initArgv
0011d170 T svcControlMemory
0011d190 T svcQueryMemory
0011d1c0 T svcExitProcess
0011d1c8 T svcCreateThread
0011d1e8 T svcExitThread
0011d1f0 T svcSleepThread
0011d1f8 T svcReleaseMutex
0011d200 T svcCreateEvent
0011d214 T svcSignalEvent
0011d21c T svcClearEvent
0011d224 T svcMapMemoryBlock
0011d22c T svcUnmapMemoryBlock
0011d234 T svcCreateAddressArbiter
0011d248 T svcArbitrateAddressNoTimeout
0011d250 T svcCloseHandle
0011d258 T svcWaitSynchronization
0011d260 T svcWaitSynchronizationN
0011d288 T svcDuplicateHandle
0011d29c T svcGetSystemTick
0011d2a4 T svcConnectToPort
0011d2b8 T svcSendSyncRequest
0011d2c0 T svcGetResourceLimit
0011d2d4 T svcGetResourceLimitLimitValues
0011d2dc T svcGetResourceLimitCurrentValues
0011d2e4 T svcBreak
0011d2ec W initSystem
0011d33c W __ctru_exit
0011d354 T __aeabi_read_tp
0011d360 00000084 W envGetHandle
0011d3e4 00000050 W envDestroyHandles
0011d434 0000000c T __sync_init
0011d440 00000018 T __sync_fini
0011d458 0000002c T syncArbitrateAddress
0011d484 000000ac T LightLock_Lock
0011d530 00000040 T LightLock_Unlock
0011d570 00000030 T RecursiveLock_Lock
0011d5a0 00000054 T RecursiveLock_Unlock
0011d5f4 00000040 T LightEvent_Init
0011d634 000000a4 T LightEvent_Clear
0011d6d8 000000c8 T LightEvent_Signal
0011d7a0 00000050 T LightEvent_TryWait
0011d7f0 000000a0 T LightEvent_Wait
0011d890 0000012c T srvInit
0011d9bc 00000058 T srvExit
0011da14 00000060 T srvEnableNotification
0011da74 000000a0 T srvGetServiceHandleDirect
0011db14 00000038 T srvGetServiceHandle
0011db4c 00000034 T srvSubscribe
0011db80 00000060 T srvReceiveNotification
0011dbe0 00000038 T srvPublishToSubscriber
0011dc18 000001d8 T threadCreate
0011ddf0 0000002c T threadFree
0011de1c 00000024 T threadJoin
0011de40 00000030 T threadGetCurrent
0011de70 00000040 T threadExit
0011deb0 00000020 t _thread_begin
0011ded0 000000b4 t mappableFindAddressWithin
0011df84 00000028 T mappableInit
0011dfac 00000080 T mappableAlloc
0011e02c 00000004 T mappableFree
0011e030 0000000c T srvPmGetSessionHandle
0011e03c 0000005c T rbtree_node_next
0011e098 00000054 T encode_utf16
0011e0ec 000000e0 T encode_utf8
0011e1cc 00000064 T decode_utf16
0011e230 00000030 W __appInit
0011e260 00000030 T __syscall_getreent
0011e290 00000064 T __syscall_gettod_r
0011e2f4 00000004 T __syscall_lock_acquire
0011e2f8 00000004 T __syscall_lock_release
0011e2fc 00000004 T __syscall_lock_acquire_recursive
0011e300 00000004 T __syscall_lock_release_recursive
0011e304 00000004 T __syscall_exit
0011e308 00000050 T initThreadVars
0011e358 00000080 T __system_initSyscalls
0011e3d8 00000030 W __appExit
0011e408 00000090 W __libctru_exit
0011e498 00000014 t archive_link
0011e4ac 00000014 t archive_dirreset
0011e4c0 00000014 t archive_chmod
0011e4d4 00000024 t error_cmp
0011e4f8 00000050 t archive_translate_error
0011e548 000000c8 t archive_seek
0011e610 0000007c t _archiveInit.part.0
0011e68c 000000c4 t archiveFindDevice.part.0
0011e750 00000280 t archive_utf16path
0011e9d0 0000009c t _archiveUnmountDeviceStruct.part.0
0011ea6c 00000014 t archive_fchmod
0011ea80 00000014 t archive_statvfs
0011ea94 00000164 t _archiveMountDevice
0011ebf8 000000e8 t archive_diropen
0011ece0 000000a4 t archive_fstat
0011ed84 0000006c t archive_fsync
0011edf0 0000006c t archive_close
0011ee5c 00000070 t archive_dirclose
0011eecc 000000e8 t sdmc_statvfs
0011efb4 000000ec t archive_chdir
0011f0a0 0000007c t archive_ftruncate
0011f11c 000000ac t archive_read
0011f1c8 000000a4 t archive_unlink
0011f26c 000000bc t archive_rmdir
0011f328 000000dc t archive_mkdir
0011f404 00000194 t archive_stat
0011f598 00000160 t archive_dirnext
0011f6f8 00000124 t archive_write
0011f81c 0000020c t archive_open
0011fa28 00000278 t archive_rename
0011fca0 0000019c T archiveMountSdmc
0011fe3c 00000054 T archiveUnmountAll
0011fe90 00000004 T operator delete(void*, unsigned int)
0011fe94 00000004 T operator delete[](void*)
0011fe98 0000000c W __gnu_cxx::__concurrence_lock_error::what() const
0011fea4 0000000c W __gnu_cxx::__concurrence_unlock_error::what() const
0011feb0 0000000c W __gnu_cxx::__concurrence_broadcast_error::what() const
0011febc 0000000c W __gnu_cxx::__concurrence_wait_error::what() const
0011fec8 00000038 t (anonymous namespace)::init()
0011ff00 00000024 t (anonymous namespace)::init_static_cond()
0011ff24 00000020 W __gnu_cxx::__concurrence_lock_error::~__concurrence_lock_error()
0011ff24 00000020 W __gnu_cxx::__concurrence_lock_error::~__concurrence_lock_error()
0011ff44 0000002c W __gnu_cxx::__concurrence_lock_error::~__concurrence_lock_error()
0011ff70 00000020 W __gnu_cxx::__concurrence_wait_error::~__concurrence_wait_error()
0011ff70 00000020 W __gnu_cxx::__concurrence_wait_error::~__concurrence_wait_error()
0011ff90 0000002c W __gnu_cxx::__concurrence_wait_error::~__concurrence_wait_error()
0011ffbc 00000020 W __gnu_cxx::__concurrence_unlock_error::~__concurrence_unlock_error()
0011ffbc 00000020 W __gnu_cxx::__concurrence_unlock_error::~__concurrence_unlock_error()
0011ffdc 0000002c W __gnu_cxx::__concurrence_unlock_error::~__concurrence_unlock_error()
00120008 00000020 W __gnu_cxx::__concurrence_broadcast_error::~__concurrence_broadcast_error()
00120008 00000020 W __gnu_cxx::__concurrence_broadcast_error::~__concurrence_broadcast_error()
00120028 0000002c W __gnu_cxx::__concurrence_broadcast_error::~__concurrence_broadcast_error()
00120054 0000002c W __gnu_cxx::__throw_concurrence_lock_error()
00120080 0000002c W __gnu_cxx::__throw_concurrence_unlock_error()
001200ac 0000002c W __gnu_cxx::__throw_concurrence_broadcast_error()
001200d8 000001a4 T __cxa_guard_acquire
0012027c 000000b0 T __cxa_guard_release
0012032c 00000020 T __gnu_cxx::recursive_init_error::~recursive_init_error()
0012032c 00000020 T __gnu_cxx::recursive_init_error::~recursive_init_error()
0012034c 0000002c T __gnu_cxx::recursive_init_error::~recursive_init_error()
00120378 00000010 T __gnu_cxx::recursive_init_error::recursive_init_error()
00120378 00000010 T __gnu_cxx::recursive_init_error::recursive_init_error()
00120388 000000a4 T std::_Hash_bytes(void const*, unsigned int, unsigned int)
0012042c 0000005c T operator new(unsigned int)
00120488 00000004 T operator new[](unsigned int)
0012048c 00000020 T __cxxabiv1::__si_class_type_info::~__si_class_type_info()
0012048c 00000020 T __cxxabiv1::__si_class_type_info::~__si_class_type_info()
001204ac 0000002c T __cxxabiv1::__si_class_type_info::~__si_class_type_info()
001204d8 00000138 T __cxxabiv1::__si_class_type_info::__do_dyncast(int, __cxxabiv1::__class_type_info::__sub_kind, __cxxabiv1::__class_type_info const*, void const*, __cxxabiv1::__class_type_info const*, void const*, __cxxabiv1::__class_type_info::__dyncast_result&) const
00120610 00000088 T __cxxabiv1::__si_class_type_info::__do_find_public_src(int, void const*, __cxxabiv1::__class_type_info const*, void const*) const
00120698 00000044 T __cxxabiv1::__si_class_type_info::__do_upcast(__cxxabiv1::__class_type_info const*, void const*, __cxxabiv1::__class_type_info::__upcast_result&) const
001206dc 00000004 T std::type_info::~type_info()
001206dc 00000004 T std::type_info::~type_info()
001206e0 00000008 T std::type_info::__is_pointer_p() const
001206e0 00000008 T std::type_info::__is_function_p() const
001206e8 00000084 W std::string::_Rep::_S_create(unsigned int, unsigned int, std::allocator<char> const&)
0012076c 00000004 W std::string::_Rep::_M_destroy(std::allocator<char> const&)
00120770 000000a4 t _GLOBAL__sub_I__ZNSt12ctype_bynameIcEC2ERKNSt7__cxx1112basic_stringIcSt11char_traitsIcESaIcEEEj
00120814 000000a4 t _GLOBAL__sub_I__ZNSt12ctype_bynameIwEC2ERKNSt7__cxx1112basic_stringIcSt11char_traitsIcESaIcEEEj
001208b8 0000002c T std::__throw_bad_alloc()
001208e4 0000002c T std::__throw_bad_array_new_length()
00120910 00000040 T std::__throw_logic_error(char const*)
00120950 00000040 T std::__throw_length_error(char const*)
00120990 00000040 T std::__throw_out_of_range(char const*)
001209d0 000000e4 T std::__detail::_Prime_rehash_policy::_M_next_bkt(unsigned int) const
00120ab8 000000e0 T std::__detail::_Prime_rehash_policy::_M_need_rehash(unsigned int, unsigned int, unsigned int) const
00120b98 000000f4 t _GLOBAL__sub_I__ZNSt12ctype_bynameIcEC2ERKSsj
00120c8c 00000044 T std::_Sp_make_shared_tag::_S_eq(std::type_info const&)
00120cd0 000000f4 t _GLOBAL__sub_I__ZNSt12ctype_bynameIwEC2ERKSsj
00120dc4 0000000c T std::bad_alloc::what() const
00120dd0 00000020 T std::bad_alloc::~bad_alloc()
00120dd0 00000020 T std::bad_alloc::~bad_alloc()
00120df0 0000002c T std::bad_alloc::~bad_alloc()
00120e1c 0000000c T std::bad_array_new_length::what() const
00120e28 00000020 T std::bad_array_new_length::~bad_array_new_length()
00120e28 00000020 T std::bad_array_new_length::~bad_array_new_length()
00120e48 0000002c T std::bad_array_new_length::~bad_array_new_length()
00120e74 0000005c T __cxxabiv1::__class_type_info::__do_upcast(__cxxabiv1::__class_type_info const*, void**) const
00120ed0 00000014 T __cxxabiv1::__class_type_info::__do_find_public_src(int, void const*, __cxxabiv1::__class_type_info const*, void const*) const
00120ee4 00000020 T __cxxabiv1::__class_type_info::~__class_type_info()
00120ee4 00000020 T __cxxabiv1::__class_type_info::~__class_type_info()
00120f04 0000002c T __cxxabiv1::__class_type_info::~__class_type_info()
00120f30 00000064 T __cxxabiv1::__class_type_info::__do_upcast(__cxxabiv1::__class_type_info const*, void const*, __cxxabiv1::__class_type_info::__upcast_result&) const
00120f94 0000007c T __cxxabiv1::__class_type_info::__do_catch(std::type_info const*, void**, unsigned int) const
00121010 000000d4 T __cxxabiv1::__class_type_info::__do_dyncast(int, __cxxabiv1::__class_type_info::__sub_kind, __cxxabiv1::__class_type_info const*, void const*, __cxxabiv1::__class_type_info const*, void const*, __cxxabiv1::__class_type_info::__dyncast_result&) const
001210e4 00000004 T operator delete(void*)
001210e8 00000118 t (anonymous namespace)::pool::free(void*) [clone .constprop.0]
00121200 000000d4 t (anonymous namespace)::pool::allocate(unsigned int) [clone .constprop.0]
001212d4 00000044 T __cxa_allocate_exception
00121318 0000002c T __cxa_free_exception
00121344 000001b4 t _GLOBAL__sub_I__ZN9__gnu_cxx9__freeresEv
001214f8 T __cxa_end_cleanup
00121508 00000134 T __cxa_type_match
0012163c 000000b4 T __cxa_begin_cleanup
001216f0 000000b4 T __gnu_end_cleanup
001217a4 00000070 t __cxxabiv1::__is_gxx_exception_class(char*)
00121814 0000002c T __cxa_call_terminate
00121840 00000150 T __cxa_call_unexpected
00121990 000000cc T __cxa_begin_catch
00121a5c 000000e0 T __cxa_end_catch
00121b3c 00000004 T std::exception::~exception()
00121b3c 00000004 T std::exception::~exception()
00121b40 00000004 T std::bad_exception::~bad_exception()
00121b40 00000004 T std::bad_exception::~bad_exception()
00121b44 0000000c T transaction clone for std::exception::what() const
00121b44 0000000c T std::exception::what() const
00121b50 0000000c T transaction clone for std::bad_exception::what() const
00121b50 0000000c T std::bad_exception::what() const
00121b5c 00000018 T std::bad_exception::~bad_exception()
00121b74 0000003c t eh_globals_dtor(void*)
00121bb0 00000038 T __cxa_get_globals_fast
00121be8 00000074 T __cxa_get_globals
00121c5c 00000040 t _GLOBAL__sub_I__ZN17__eh_globals_init7_S_initE
00121c9c 00000034 t _GLOBAL__sub_D__ZN17__eh_globals_init7_S_initE
00121cd0 0000016c t read_encoded_value_with_base(unsigned char, unsigned int, unsigned char const*, unsigned int*)
00121e3c 00000058 t base_of_encoded_value(unsigned char, _Unwind_Context*)
00121e94 000000d8 t parse_lsda_header(_Unwind_Context*, unsigned char const*, lsda_header_info*)
00121f6c 000006a0 T __gxx_personality_v0
0012260c 00000014 T __cxxabiv1::__terminate(void (*)())
00122620 00000018 T std::terminate()
00122638 0000000c T __cxxabiv1::__unexpected(void (*)())
00122644 00000018 T std::unexpected()
0012265c 00000014 T std::get_terminate()
00122670 00000014 T std::get_unexpected()
00122684 00000060 t __gxx_exception_cleanup(_Unwind_Reason_Code, _Unwind_Control_Block*)
001226e4 00000054 T __cxa_init_primary_exception
00122738 00000054 T __cxa_throw
0012278c 000000b0 T __cxa_rethrow
0012283c 00000014 T std::get_new_handler()
00122850 00000008 T std::logic_error::what() const
00122850 00000008 T std::runtime_error::what() const
00122858 00000098 T std::logic_error::~logic_error()
00122858 00000098 T std::logic_error::~logic_error()
001228f0 00000098 T std::length_error::~length_error()
001228f0 00000098 T std::length_error::~length_error()
00122988 00000098 T std::out_of_range::~out_of_range()
00122988 00000098 T std::out_of_range::~out_of_range()
00122a20 000000a0 T std::logic_error::~logic_error()
00122ac0 000000a0 T std::length_error::~length_error()
00122b60 000000a0 T std::out_of_range::~out_of_range()
00122c00 000000d4 T std::logic_error::logic_error(char const*)
00122c00 000000d4 T std::logic_error::logic_error(char const*)
00122cd4 00000020 T std::length_error::length_error(char const*)
00122cd4 00000020 T std::length_error::length_error(char const*)
00122cf4 00000020 T std::out_of_range::out_of_range(char const*)
00122cf4 00000020 T std::out_of_range::out_of_range(char const*)
00122d14 00000070 T tanf
00122d88 000003ec T powf
00123178 00000244 T sinf
001233c0 0000022c T cosf
001235ec 00000024 t with_errnof
00123610 00000018 t xflowf
00123628 0000000c T __math_uflowf
00123634 0000000c T __math_may_uflowf
00123640 0000000c T __math_oflowf
0012364c 00000030 T __math_divzerof
0012367c 0000001c T __math_invalidf
00123698 00000208 T __kernel_tanf
001238a0 000000c0 T ceilf
00123960 00000144 T floor
00123aa4 000002c8 T __ieee754_rem_pio2f
00123d6c 00000010 T fabsf
00123d7c 00000844 T __kernel_rem_pio2f
001245c0 000000c0 T floorf
00124680 0000012c T scalbnf
001247ac 00000120 T __udivmoddi4
001248cc 00000018 t selfrel_offset31
001248e4 00000090 t search_EIT_table
00124974 00000040 t __gnu_unwind_get_pr_addr
001249b4 0000010c t get_eit_entry
00124ac0 00000088 t restore_non_core_regs
00124b48 00000014 t _Unwind_decode_typeinfo_ptr.constprop.0
00124b5c 00000004 t _Unwind_DebugHook
00124b60 00000064 t unwind_phase2
00124bc4 00000140 t unwind_phase2_forced
00124d04 000000a4 T __gnu_Unwind_RaiseException
00124da8 00000028 T __gnu_Unwind_ForcedUnwind
00124dd0 00000074 T __gnu_Unwind_Resume
00124e44 00000020 T __gnu_Unwind_Resume_or_Rethrow
00124e64 00000004 T _Unwind_Complete
00124e68 00000018 T _Unwind_DeleteException
00124e80 0000006c T _Unwind_VRS_Get
00124eec 0000002c t _Unwind_GetGR
00124f18 0000006c T _Unwind_VRS_Set
00124f84 0000002c t _Unwind_SetGR
00124fb0 000000c0 T __gnu_Unwind_Backtrace
00125070 00000410 t __gnu_unwind_pr_common
00125480 00000008 T __aeabi_unwind_cpp_pr0
00125488 00000008 W __aeabi_unwind_cpp_pr1
00125490 00000008 W __aeabi_unwind_cpp_pr2
00125498 00000424 T _Unwind_VRS_Pop
001258bc 00000064 t next_unwind_byte
00125920 0000002c t _Unwind_GetGR.constprop.0
0012594c 00000004 t unwind_UCB_from_context
00125950 00000464 T __gnu_unwind_execute
00125db4 00000048 T __gnu_unwind_frame
00125dfc 00000010 T _Unwind_GetRegionStart
00125e0c 0000001c T _Unwind_GetLanguageSpecificData
00125e28 00000008 T _Unwind_GetDataRelBase
00125e30 00000008 T _Unwind_GetTextRelBase
00125e38 000000b4 T _mbrtowc_r
00125eec 000000a0 T _wcrtomb_r
00125f8c 00000034 T printf
00125fc0 00000020 T memalign
00125fe0 0000014c T _memalign_r
0012612c 000000e0 T _puts_r
0012620c 00000018 T puts
00126224 00000078 T bsearch
0012629c 00000014 T abort
001262b0 00000074 T sscanf
00126324 0000001c T toupper
00126340 00000044 T __sread
00126384 00000008 T __seofread
0012638c 00000068 T __swrite
001263f4 00000044 T __sseek
00126438 00000008 T __sclose
00126440 00000020 T calloc
00126460 000000c0 T _calloc_r
00126520 0000005c T __assert_func
0012657c 0000025c T setvbuf
001267d8 0000003c T fiprintf
00126814 00000004 W __call_exitprocs
00126818 00000030 T exit
00126848 000000f8 T _malloc_trim_r
00126940 000002e8 T _free_r
00126c28 00000130 T strchr
00126d58 000000d8 T memcmp
00126e30 00000148 T _fclose_r
00126f78 00000018 T fclose
00126f90 00000018 T malloc
00126fa8 00000018 T free
00126fc0 00000050 t get_arg
00127010 00002bf8 T __ssvfscanf_r
00129c08 0000079c T _malloc_r
0012a3a4 00000024 T getenv
0012a3c8 00000150 T memmove
0012a518 000000c8 T _findenv_r
0012a5e0 000000f4 T memset
0012a6d4 000000b4 T __sflags
0012a788 0000000c T __malloc_lock
0012a794 0000000c T __malloc_unlock
0012a7a0 0000064c t get_arg
0012adf0 00003378 T _vfprintf_r
0012e168 000000b8 t __sbprintf
0012e220 00000090 T _raise_r
0012e2b0 00000018 T raise
0012e2c8 00000090 T strlen
0012e358 0000012c T _fopen_r
0012e484 00000020 T fopen
0012e4a4 0000022c T __sflush_r
0012e6d0 00000094 T _fflush_r
0012e764 00000048 T strrchr
0012e7ac 0000002c T ftell
0012e7d8 000000e4 T strncat
0012e8bc 000004b4 T __sfvwrite_r
0012ed70 000000e4 T strncmp
0012ee54 00000070 T _fwalk_sglue
0012eec4 00000344 T _fread_r
0012f208 00000038 T fread
0012f240 000004a0 T _realloc_r
0012f6e0 000000c4 T strncpy
0012f7a4 0000001c t stdio_exit_handler
0012f7c0 0000005c t cleanup_stdio
0012f81c 00000154 t global_stdio_init.part.0
0012f970 00000134 T __sfp
0012faa4 0000005c T __sinit
0012fb00 0000000c T __sfp_lock_acquire
0012fb0c 0000000c T __sfp_lock_release
0012fb18 00000048 T strnlen
0012fb60 00000064 t sulp
0012fbc8 000013a4 T _strtod_l
00130f6c 0000003c T _strtod_r
00130fa8 0000001c T _fseek_r
00130fc4 00000034 T fseek
00130ff8 000001b0 t _strtol_l.part.0
001311a8 00000060 T _strtol_r
00131208 00000020 T realloc
00131228 000001d8 t _strtoul_l.isra.0
00131400 00000030 T _strtoul_r
00131430 00000034 T strtoul
00131464 00000024 T __locale_mb_cur_max
00131488 0000004c T time
001314d4 00000024 T _localeconv_r
001314f8 000000e0 T memchr
001315d8 000000f0 T __utf8_wctomb
001316c8 0000011c T memcpy
001317e4 000000dc T stpncpy
001318c0 00000084 T __libc_init_array
00131944 0000003c T __libc_fini_array
00131980 0000000c T __errno
00131990 00000010 T nan
001319a0 0000000c T nanf
001319b0 00000088 T frexp
00131a38 00000234 t _strtoll_l.isra.0
00131c6c 00000030 T _strtoll_r
00131c9c 0000025c t _strtoull_l.isra.0
00131ef8 00000030 T _strtoull_r
00131f28 00000008 T iswspace
00131f30 0000012c T __smakebuf_r
0013205c 0000008c T __swhatbuf_r
001320e8 00000038 T iswspace_l
00132120 00000028 T _wcsrtombs_r
00132148 00000064 T sprintf
001321ac 000000f0 T __sccl
0013229c 00000038 t lflush
001322d4 0000019c T __srefill_r
00132470 00000090 T category
00132500 0000000c T __env_lock
0013250c 0000000c T __env_unlock
00132518 0000064c t get_arg
00132b64 00000030 T __sprint_r
00132b94 00002304 T _vfiprintf_r
00134e98 000000b8 t __sbprintf
00134f50 0000018c T __ssprint_r
001350dc 000000e0 T _sungetc_r
001351bc 0000006c T __ssrefill_r
00135228 000000c4 T _sfread_r
001352ec 00000138 T __swsetup_r
00135424 000000f0 t rshift
00135514 0000089c T __gethex
00135db0 000001b4 t quorem
00135f68 00001218 T _dtoa_r
00137180 0000064c t get_arg
001377d0 00003324 T _svfprintf_r
0013aaf4 0000004c T __match
0013ab40 0000029c T __hexnan
0013addc 00000590 T _fseeko_r
0013b36c 000001b4 T _ftello_r
0013b520 00000088 T _Balloc
0013b5a8 0000001c T _Bfree
0013b5c4 000000f4 T __multadd
0013b6b8 00000110 T __s2b
0013b7c8 00000060 T __hi0bits
0013b828 0000009c T __lo0bits
0013b8c4 000000a4 T __i2b
0013b968 00000204 T __multiply
0013bb6c 00000128 T __pow5mult
0013bc94 00000140 T __lshift
0013bdd4 00000058 T __mcmp
0013be2c 000001fc T __mdiff
0013c028 00000068 T __ulp
0013c090 000000d0 T __b2d
0013c160 00000124 T __d2b
0013c284 00000078 T __ratio
0013c2fc 00000088 T __copybits
0013c384 0000005c T __any_on
0013c3e0 000002f8 T __utf8_mbtowc
0013c6d8 00000188 T _wcsnrtombs_l
0013c860 00000064 T _wcsnrtombs_r
0013c8c4 000000a8 T __submore
0013c96c 00000020 T _exit
0013c98c 0000013c T chdir
0013cac8 000001cc T _concatenate_path
0013cc94 00000078 T _fstat_r
0013cd0c 00000014 T _getpid_r
0013cd20 0000002c T __getreent
0013cd4c 00000030 T _gettimeofday_r
0013cd7c 0000008c T __release_handle
0013ce08 000000b0 T __alloc_handle
0013ceb8 0000003c T __get_handle
0013cef4 000000f4 T _close_r
0013cfe8 00000008 t null_write
0013cff0 00000018 T setDefaultDevice
0013d008 000000c8 T FindDevice
0013d0d0 00000028 T RemoveDevice
0013d0f8 0000009c T AddDevice
0013d194 00000020 T GetDeviceOpTab
0013d1b4 00000008 T _isatty_r
0013d1bc 00000014 T _kill_r
0013d1d0 00000084 T _lseek_r
0013d254 000000bc T _open_r
0013d310 00000080 T _read_r
0013d390 00000078 W _sbrk_r
0013d408 0000001c T __libc_lock_acquire
0013d424 0000001c T __libc_lock_release
0013d440 0000001c T __libc_lock_acquire_recursive
0013d45c 0000001c T __libc_lock_release_recursive
0013d478 00000080 T _write_r
0013d4f8 00000038 T __aeabi_d2lz
0013d4f8 00000038 T __fixdfdi
0013d530 00000040 T __aeabi_d2ulz
0013d530 00000040 T __fixunsdfdi
0013d570 T _fini
0013e00c 00000020 R vtable for Scene1
0013e0a8 000000a0 r POWER_10_POS
0013e148 000000a0 r POWER_10_NEG
0013e200 R vshader_shbin
0013e448 R vshader_shbin_end
0013e448 R vshader_shbin_size
0013e44c R waterwave_t3x
0014aa71 R waterwave_t3x_end
0014aba0 r .LC7
0014b4c8 r .LC67
0014b4cc r .LC68
0014b4d4 r .LC69
0014b4dc r .LC70
0014b514 r .LC82
0014bcf8 r .LC7
0014bd40 r .LC9
0014bd8c r .LC11
0014bfbc r .LC3
0014c5fc r .LC5
0014c774 00000020 V vtable for Scene
0014c794 00000034 V vtable for entt::basic_sparse_set<entt::entity, std::allocator<entt::entity> >
0014c7c8 00000034 V vtable for entt::sigh_mixin<entt::basic_storage<entt::entity, entt::entity, std::allocator<entt::entity>, void> >
0014c7fc 00000034 V vtable for entt::basic_storage<Mesh, entt::entity, std::allocator<Mesh>, void>
0014c830 00000034 V vtable for entt::sigh_mixin<entt::basic_storage<Mesh, entt::entity, std::allocator<Mesh>, void> >
0014c864 00000034 V vtable for entt::basic_storage<material, entt::entity, std::allocator<material>, void>
0014c898 00000034 V vtable for entt::sigh_mixin<entt::basic_storage<material, entt::entity, std::allocator<material>, void> >
0014c8cc 00000034 V vtable for entt::basic_storage<transform, entt::entity, std::allocator<transform>, void>
0014c900 00000034 V vtable for entt::sigh_mixin<entt::basic_storage<transform, entt::entity, std::allocator<transform>, void> >
0014c934 0000001c V vtable for std::_Sp_counted_ptr_inplace<entt::sigh_mixin<entt::basic_storage<Mesh, entt::entity, std::allocator<Mesh>, void> >, std::allocator<entt::entity>, (__gnu_cxx::_Lock_policy)2>
0014c950 0000001c V vtable for std::_Sp_counted_ptr_inplace<entt::sigh_mixin<entt::basic_storage<material, entt::entity, std::allocator<material>, void> >, std::allocator<entt::entity>, (__gnu_cxx::_Lock_policy)2>
0014c96c 0000001c V vtable for std::_Sp_counted_ptr_inplace<entt::sigh_mixin<entt::basic_storage<transform, entt::entity, std::allocator<transform>, void> >, std::allocator<entt::entity>, (__gnu_cxx::_Lock_policy)2>
0014c988 00000008 V std::_Sp_make_shared_tag::_S_ti()::__tag
0014c9a0 R render2d_shbin
0014cb2c R render2d_shbin_end
0014cb2c R render2d_shbin_size
0014cb30 00000038 r CSWTCH.19
0014cb68 00000005 r colorFmtSizes
0014cb70 00000004 r depthFmtSizes
0014cb74 00000008 r ids.0
0014cb7c 00000007 r layer_enabled.1
0014cb84 00000006 r lutIds.2
0014cbb0 00000080 r romFS_devoptab
0014cca0 00000080 r dotab_stdout
0014cd20 00000018 r grayScale
0014cd38 00000006 r colorCube
0014cd40 00000030 r colorTable
0014cdb4 00000008 r morton_y.2
0014cdbc 00000008 r morton_x.3
0014cdc4 00000008 r s_sleepWakeEvents.4
0014cdec R default_font_bin
0014d5ec R default_font_bin_end
0014d608 00000030 r error_table
0014d640 00000080 r archive_devoptab
0014d75c 00000027 V typeinfo name for __gnu_cxx::__concurrence_lock_error
0014d784 0000000c V typeinfo for __gnu_cxx::__concurrence_lock_error
0014d790 00000029 V typeinfo name for __gnu_cxx::__concurrence_unlock_error
0014d7bc 0000000c V typeinfo for __gnu_cxx::__concurrence_unlock_error
0014d7c8 0000002c V typeinfo name for __gnu_cxx::__concurrence_broadcast_error
0014d7f4 0000000c V typeinfo for __gnu_cxx::__concurrence_broadcast_error
0014d800 00000027 V typeinfo name for __gnu_cxx::__concurrence_wait_error
0014d828 0000000c V typeinfo for __gnu_cxx::__concurrence_wait_error
0014d834 00000014 V vtable for __gnu_cxx::__concurrence_lock_error
0014d848 00000014 V vtable for __gnu_cxx::__concurrence_unlock_error
0014d85c 00000014 V vtable for __gnu_cxx::__concurrence_broadcast_error
0014d870 00000014 V vtable for __gnu_cxx::__concurrence_wait_error
0014d884 00000023 R typeinfo name for __gnu_cxx::recursive_init_error
0014d8a8 0000000c R typeinfo for __gnu_cxx::recursive_init_error
0014d8b4 00000014 R vtable for __gnu_cxx::recursive_init_error
0014d8c8 00000025 R typeinfo name for __cxxabiv1::__si_class_type_info
0014d8f0 0000000c R typeinfo for __cxxabiv1::__si_class_type_info
0014d8fc 0000002c R vtable for __cxxabiv1::__si_class_type_info
0014d928 0000000d R typeinfo name for std::type_info
0014d938 00000008 R typeinfo for std::type_info
0014d958 0000000e r std::__detail::_Prime_rehash_policy::_M_next_bkt(unsigned int) const::__fast_bkt
0014d968 00000404 R std::__detail::__prime_list
0014dd6c 00000018 V typeinfo name for std::_Sp_make_shared_tag
0014dd94 0000000d R typeinfo name for std::bad_alloc
0014dda4 0000000c R typeinfo for std::bad_alloc
0014ddb0 00000014 R vtable for std::bad_alloc
0014dde0 00000019 R typeinfo name for std::bad_array_new_length
0014ddfc 0000000c R typeinfo for std::bad_array_new_length
0014de08 00000014 R vtable for std::bad_array_new_length
0014de1c 00000022 R typeinfo name for __cxxabiv1::__class_type_info
0014de40 0000000c R typeinfo for __cxxabiv1::__class_type_info
0014de4c 0000002c R vtable for __cxxabiv1::__class_type_info
0014ded8 0000000d R typeinfo name for std::exception
0014dee8 00000008 R typeinfo for std::exception
0014def0 00000012 R typeinfo name for std::bad_exception
0014df04 0000000c R typeinfo for std::bad_exception
0014df10 00000020 R typeinfo name for __cxxabiv1::__forced_unwind
0014df30 00000008 R typeinfo for __cxxabiv1::__forced_unwind
0014df38 00000024 R typeinfo name for __cxxabiv1::__foreign_exception
0014df5c 00000008 R typeinfo for __cxxabiv1::__foreign_exception
0014df64 00000014 R vtable for std::bad_exception
0014df78 00000010 R typeinfo name for std::logic_error
0014df88 0000000c R typeinfo for std::logic_error
0014df94 00000011 R typeinfo name for std::length_error
0014dfa8 0000000c R typeinfo for std::length_error
0014dfb4 00000011 R typeinfo name for std::out_of_range
0014dfc8 0000000c R typeinfo for std::out_of_range
0014dfd4 00000014 R vtable for std::logic_error
0014dfe8 00000014 R vtable for std::length_error
0014dffc 00000014 R vtable for std::out_of_range
0014e040 00000148 R __exp2f_data
0014e188 00000060 R __inv_pio4
0014e1e8 000000e0 R __sincosf_table
0014e2c8 00000080 r npio2_hw
0014e348 00000318 r two_over_pi
0014e660 00000128 R __powf_log2_data
0014e788 0000002c r PIo2
0014e7b4 0000000c r init_jk
0014e7c0 00000101 R _ctype_
0014e908 00000022 r basefix.0
0014e968 00000010 r zeroes.0
0014e978 00000010 r blanks.1
0014e998 00000014 r fpinan.0
0014e9ac 00000014 r fpi.1
0014e9c0 00000028 r tinytens
0014ea2c 00003528 r categories
00151f54 00000010 r zeroes.0
00151f64 00000010 r blanks.1
00151f74 0000006c R __action_table
00151fe0 0000006c R __state_table
0015204c 00000100 R __chclass
001521ac 00000100 R __hexdig
001522bc r .LC2
00152304 00000010 r zeroes.0
00152314 00000010 r blanks.1
00152368 0000000c r p05.0
00152378 00000028 R __mprec_bigtens
001523a0 000000c8 R __mprec_tens
00152468 00000080 R dotab_stdnull
001524e8 R __tdata_align
001524ec r __EH_FRAME_BEGIN__
0015261a R __exidx_start
00152834 R __exidx_end
00153000 00000004 d framerate
00153004 00000008 d framerateCounter
0015300c 00000001 d firstConsoleInit.0
00153010 00000004 D currentConsole
00153014 00000048 D defaultConsole
0015305c 00000004 d queueLock
00153060 00000004 d kCount
00153064 00000004 d kInterval
00153068 00000004 d kDelay
0015306c 00000004 d aptChainloadDeliverArgSize
00153070 W __stacksize__
00153074 00000004 D __cxxabiv1::__unexpected_handler
00153078 00000004 D __cxxabiv1::__terminate_handler
0015307c 00000004 D __malloc_sbrk_base
00153080 00000004 D __malloc_trim_threshold
00153088 00000408 D __malloc_av_
00153490 0000000c D __sglue
0015349c 0000016c D __global_locale
00153608 00000004 D _impure_ptr
00153610 00000120 D _impure_data
00153730 00000004 D environ
00153734 00000400 d _current_working_directory
00153b34 00001000 d handles
00154b34 0000000c d __stderr_handle
00154b40 0000000c d __stdout_handle
00154b4c 0000000c d __stdin_handle
00154b58 0000008c D devoptab_list
00154be4 00000004 d defaultDevice
00154bf0 d _GLOBAL_OFFSET_TABLE_
00154bfc d __frame_dummy_init_array_entry
00154bfc D __init_array_start
00154bfc B __preinit_array_end
00154bfc B __preinit_array_start
00154bfc D __tdata_lma
00154bfc D __tdata_lma_end
00154c1c d __do_global_dtors_aux_fini_array_entry
00154c1c D __fini_array_start
00154c1c D __init_array_end
00154c34 0000001c b controls::(anonymous namespace)::mappings
00154c34 D __bss_start__
00154c34 D __fini_array_end
00154c50 00000006 b controls::(anonymous namespace)::gRate
00154c58 00000004 b controls::(anonymous namespace)::cPos
00154c5c 00000004 b controls::(anonymous namespace)::csPos
00154c60 00000004 b controls::(anonymous namespace)::kDown
00154c64 00000004 b controls::(anonymous namespace)::kRepeat
00154c68 00000004 b controls::(anonymous namespace)::kHeld
00154c6c 00000004 b controls::(anonymous namespace)::kUp
00154c70 00000010 b controls::(anonymous namespace)::gPos
00154c80 00000004 b numgroups
00154c84 00000004 b numvertices
00154c88 b completed.1
00154c8c b object.0
00154ca4 00000004 V guard variable for SceneManager::currentScene
00154ca8 00000004 V guard variable for entt::locator<entt::meta_ctx>::service
00154cac 00000008 V entt::locator<entt::meta_ctx>::service
00154cb4 00000004 V SceneManager::currentScene
00154cb8 00000004 V guard variable for entt::type_index<entt::entity, void>::value()::value
00154cbc 00000004 V entt::type_index<entt::entity, void>::value()::value
00154cc0 00000004 V guard variable for entt::type_id<entt::entity>()::instance
00154cc4 00000010 V entt::type_id<entt::entity>()::instance
00154cd4 00000004 V guard variable for entt::type_index<entt::basic_registry<entt::entity, std::allocator<entt::entity> >, void>::value()::value
00154cd8 00000004 V entt::type_index<entt::basic_registry<entt::entity, std::allocator<entt::entity> >, void>::value()::value
00154cdc 00000004 V guard variable for entt::type_id<entt::basic_registry<entt::entity, std::allocator<entt::entity> > >()::instance
00154ce0 00000010 V entt::type_id<entt::basic_registry<entt::entity, std::allocator<entt::entity> > >()::instance
00154cf0 00000004 V guard variable for entt::type_index<transform, void>::value()::value
00154cf4 00000004 V entt::type_index<transform, void>::value()::value
00154cf8 00000004 V guard variable for entt::type_index<material, void>::value()::value
00154cfc 00000004 V entt::type_index<material, void>::value()::value
00154d00 00000004 V guard variable for entt::type_index<Mesh, void>::value()::value
00154d04 00000004 V entt::type_index<Mesh, void>::value()::value
00154d08 00000004 V guard variable for entt::type_id<transform>()::instance
00154d0c 00000010 V entt::type_id<transform>()::instance
00154d1c 00000004 V guard variable for entt::type_id<material>()::instance
00154d20 00000010 V entt::type_id<material>()::instance
00154d30 00000004 V guard variable for entt::type_id<Mesh>()::instance
00154d34 00000010 V entt::type_id<Mesh>()::instance
00154d44 00000004 V entt::internal::type_index::next()::value
00154d48 000005a8 B __C2Di_Context
001552f0 00000040 b s_projBot
00155330 00000040 b s_projTop
00155370 00000004 b uLoc_mdlvMtx
00155374 00000004 b uLoc_projMtx
00155378 000002d0 B __C3D_Context
00155648 0000000c b hookCookie
00155658 00000010 b cpuTime
00155668 00000004 b firstTarget
0015566c 00000008 b frameCounter
00155674 00000004 b frameEndCb
00155678 00000004 b frameEndCbData
00155680 00000010 b gpuTime
00155690 00000001 b inFrame
00155691 00000001 b inSafeTransfer
00155692 00000001 b isTopStereo
00155694 00000004 b lastTarget
00155698 0000000c b linkedTarget
001556a4 00000001 b measureGpuTime
001556a5 00000001 b needSwapBot
001556a6 00000001 b needSwapTop
001556a8 00000004 B C3D_BoolUnifs
001556ac 00000002 B C3D_BoolUnifsDirty
001556b0 00000c00 B C3D_FVUnif
001562b0 000000c0 B C3D_FVUnifDirty
00156370 00000020 B C3D_IVUnif
00156390 00000008 B C3D_IVUnifDirty
00156398 000000c0 b C3Di_FVUnifEverDirty
00156458 00000008 b C3Di_IVUnifEverDirty
00156460 00000018 b C3Di_ShaderFVecData
00156478 00000008 b sVramPoolB
00156480 00000008 b sVramPoolA
00156488 0000000c b sAddrMap
00156498 00000008 b sLinearPool
001564a0 0000000c b sAddrMap
001564ac 00000004 b romfs_mount_list
001564b0 00000004 V __romfs_path
001564b4 00000001 V __ctru_speedup
001564b8 00000048 B currentCopy
00156500 00000004 b screenAlloc
00156504 00000004 b screenFree
00156508 00000002 b gfxIsDoubleBuf
0015650c 00000002 b gfxCurBuf
0015650e 00000001 b gfxIsVram
0015650f 00000001 b gfxTopMode
00156510 00000002 b gfxFramebufferFormats
00156514 00000004 b gfxBottomFramebufferMaxSize
00156518 00000004 b gfxTopFramebufferMaxSize
00156520 00000008 b gfxBottomFramebuffers
00156528 00000008 b gfxTopFramebuffers
00156530 00000004 b boundQueue
00156534 00000001 b shouldStop
00156535 00000001 b isRunning
00156536 00000001 b isActive
00156538 00000004 b curQueue
0015653c 00000004 B gpuCmdBufOffset
00156540 00000004 B gpuCmdBufSize
00156544 00000004 B gpuCmdBuf
00156548 00000004 b irrstRefCount
0015654c 00000004 b csPos
00156550 00000004 b kHeld
00156554 00000004 B irrstSharedMem
00156558 00000004 B irrstEvent
0015655c 00000004 B irrstMemHandle
00156560 00000004 B irrstHandle
00156564 00000007 b gspEventCbOneShot
0015656c 0000001c b gspEventCbData
00156588 0000001c b gspEventCb
001565a4 00000038 b gspEvents
001565dc 00000004 b gspLastEvent
001565e0 00000001 b gspRunEvents
001565e4 00000004 b gspEventThread
001565e8 00000004 b gspEvent
001565ec 00000001 b gspGpuRight
001565ed 00000001 b gspThreadId
001565f0 00000004 b gspSharedMem
001565f4 00000004 b gspSharedMemHandle
001565f8 00000004 b gspRefCount
001565fc 00000004 b gspGpuHandle
00156600 00000001 b usingIrrst
00156604 00000004 b hidRefCount
00156608 00000006 b gRate
00156610 00000006 b aVec
00156618 00000004 b cPos
0015661c 00000004 b tPos
00156620 00000004 b kRepeat
00156624 00000004 b kUp
00156628 00000004 b kDown
0015662c 00000004 b kHeld
00156630 00000004 b kOld
00156634 00000004 B hidSharedMem
00156638 00000014 B hidEvents
0015664c 00000004 B hidMemHandle
00156650 00000004 B hidHandle
00156654 00000001 b flagValue.0
00156655 00000001 b flagInit.1
00156658 00000004 b serviceName.6
0015665c 00000001 b aptChainloadFlags
0015665d 00000001 b aptChainloadMediatype
00156660 00000020 b aptChainloadHmac
00156680 00000300 b aptChainloadDeliverArg
00156980 00000008 b aptChainloadTid
00156988 00001000 b aptParameters
00157988 00000004 b aptFlags
0015798c 00000001 b aptHomeButtonState
00157990 00000004 b aptMessageFuncData
00157994 00000004 b aptMessageFunc
00157998 0000000c b aptFirstHook
001579a4 00000001 b aptEventHandlerThreadQuit
001579a8 00000004 b aptEventHandlerThread
001579ac 00000008 b aptSleepEvent
001579b4 00000008 b aptReceiveEvent
001579bc 00000008 b aptEvents
001579c4 00000004 b aptLockHandle
001579c8 00000004 b aptRefCount
001579cc 00000004 b ptmSysmRefCount
001579d0 00000004 b ptmSysmHandle
001579d8 00000080 b fsExemptArchives
00157a58 00000004 b fsuRefCount
00157a5c 00000004 b fsuHandle
00157a60 00000004 V __ctru_linear_heap_size
00157a64 00000004 V __ctru_heap_size
00157a68 00000004 B __ctru_linear_heap
00157a6c 00000004 B __ctru_heap
00157a70 00000004 B __system_retAddr
00157a74 00000004 B __system_argv
00157a78 00000004 B __system_argc
00157a7c b saved_stack
00157a84 00000004 b arbiter
00157a88 00000004 B __3dslink_host
00157a8c 00000004 b srvRefCount
00157a90 00000004 b srvHandle
00157a94 00000004 b currentAddr
00157a98 00000004 b maxAddr
00157a9c 00000004 b minAddr
00157aa0 00000004 b srvPmHandle
00157aa8 000005c0 b archive_devices
00158068 00000004 b archive_device_cwd
0015806c 00000001 b archive_initialized
00158070 00000004 b (anonymous namespace)::get_static_cond()::once
00158078 00000008 b (anonymous namespace)::fake_cond
00158080 00000004 b (anonymous namespace)::static_cond
00158084 00000004 b (anonymous namespace)::get_static_mutex()::once
00158088 00000010 b (anonymous namespace)::fake_mutex
00158098 00000004 b (anonymous namespace)::static_mutex
0015809c 00000010 V std::string::_Rep::_S_empty_rep_storage
001580ac 00000004 V guard variable for std::__cxx11::collate<char>::id
001580b0 00000004 V guard variable for std::__cxx11::messages<char>::id
001580b4 00000004 V guard variable for std::__cxx11::time_get<char, std::istreambuf_iterator<char, std::char_traits<char> > >::id
001580b8 00000004 V guard variable for std::__cxx11::numpunct<char>::id
001580bc 00000004 V guard variable for std::__cxx11::moneypunct<char, true>::id
001580c0 00000004 V guard variable for std::__cxx11::moneypunct<char, false>::id
001580c4 00000004 V guard variable for std::__cxx11::money_put<char, std::ostreambuf_iterator<char, std::char_traits<char> > >::id
001580c8 00000004 V guard variable for std::__cxx11::money_get<char, std::istreambuf_iterator<char, std::char_traits<char> > >::id
001580cc 00000004 V guard variable for std::__cxx11::collate<wchar_t>::id
001580d0 00000004 V guard variable for std::__cxx11::messages<wchar_t>::id
001580d4 00000004 V guard variable for std::__cxx11::time_get<wchar_t, std::istreambuf_iterator<wchar_t, std::char_traits<wchar_t> > >::id
001580d8 00000004 V guard variable for std::__cxx11::numpunct<wchar_t>::id
001580dc 00000004 V guard variable for std::__cxx11::moneypunct<wchar_t, true>::id
001580e0 00000004 V guard variable for std::__cxx11::moneypunct<wchar_t, false>::id
001580e4 00000004 V guard variable for std::__cxx11::money_put<wchar_t, std::ostreambuf_iterator<wchar_t, std::char_traits<wchar_t> > >::id
001580e8 00000004 V guard variable for std::__cxx11::money_get<wchar_t, std::istreambuf_iterator<wchar_t, std::char_traits<wchar_t> > >::id
001580ec 00000004 V guard variable for std::collate<char>::id
001580f0 00000004 V guard variable for std::messages<char>::id
001580f4 00000004 V guard variable for std::time_get<char, std::istreambuf_iterator<char, std::char_traits<char> > >::id
001580f8 00000004 V guard variable for std::time_put<char, std::ostreambuf_iterator<char, std::char_traits<char> > >::id
001580fc 00000004 V guard variable for std::__timepunct<char>::id
00158100 00000004 V guard variable for std::numpunct<char>::id
00158104 00000004 V guard variable for std::moneypunct<char, true>::id
00158108 00000004 V guard variable for std::moneypunct<char, false>::id
0015810c 00000004 V guard variable for std::money_put<char, std::ostreambuf_iterator<char, std::char_traits<char> > >::id
00158110 00000004 V guard variable for std::money_get<char, std::istreambuf_iterator<char, std::char_traits<char> > >::id
00158114 00000004 V guard variable for std::num_put<char, std::ostreambuf_iterator<char, std::char_traits<char> > >::id
00158118 00000004 V guard variable for std::num_get<char, std::istreambuf_iterator<char, std::char_traits<char> > >::id
0015811c 00000004 V guard variable for std::collate<wchar_t>::id
00158120 00000004 V guard variable for std::messages<wchar_t>::id
00158124 00000004 V guard variable for std::time_get<wchar_t, std::istreambuf_iterator<wchar_t, std::char_traits<wchar_t> > >::id
00158128 00000004 V guard variable for std::time_put<wchar_t, std::ostreambuf_iterator<wchar_t, std::char_traits<wchar_t> > >::id
0015812c 00000004 V guard variable for std::__timepunct<wchar_t>::id
00158130 00000004 V guard variable for std::numpunct<wchar_t>::id
00158134 00000004 V guard variable for std::moneypunct<wchar_t, true>::id
00158138 00000004 V guard variable for std::moneypunct<wchar_t, false>::id
0015813c 00000004 V guard variable for std::money_put<wchar_t, std::ostreambuf_iterator<wchar_t, std::char_traits<wchar_t> > >::id
00158140 00000004 V guard variable for std::money_get<wchar_t, std::istreambuf_iterator<wchar_t, std::char_traits<wchar_t> > >::id
00158144 00000004 V guard variable for std::num_put<wchar_t, std::ostreambuf_iterator<wchar_t, std::char_traits<wchar_t> > >::id
00158148 00000004 V guard variable for std::num_get<wchar_t, std::istreambuf_iterator<wchar_t, std::char_traits<wchar_t> > >::id
00158150 0000001c b (anonymous namespace)::emergency_pool
0015816c 00000004 b init
00158170 00000001 B __eh_globals_init::_S_init
00158174 0000000c b (anonymous namespace)::eh_globals
00158180 00000004 b (anonymous namespace)::__new_handler
00158184 00000028 B __malloc_current_mallinfo
001581ac 00000004 B __malloc_max_total_mem
001581b0 00000004 B __malloc_max_sbrked_mem
001581b4 00000004 B __malloc_top_pad
001581b8 0000000c b __malloc_recursive_mutex
001581c4 0000000c b __sfp_recursive_mutex
001581d0 00000168 B __sf
00158338 00000004 B __stdio_exit_handler
0015833c 00000004 b initial_env
00158340 0000000c b __env_recursive_mutex
0015834c 00000400 b temp_cwd
0015874c 00000004 b __hndl_lock
00158750 00000004 B fake_heap_start
00158754 00000004 B fake_heap_end
00158758 00000004 b heap_start.0
0015875c B __tls_start
00159364 B __bss_end__
00159364 A __end__
00159364 B __tls_end
